Day 4 of MAY at 21:06 it was 18.79515914945479 degrees.
Day 4 of MAY at 21:07 it was 18.76099963203414 degrees.
Day 4 of MAY at 21:08 it was 18.72680909825029 degrees.
Day 4 of MAY at 21:09 it was 18.69258819904174 degrees.
Day 4 of MAY at 21:10 it was 18.658337585925075 degrees.
Day 4 of MAY at 21:11 it was 18.624057910982586 degrees.
Day 4 of MAY at 21:12 it was 18.589749826849893 degrees.
Day 4 of MAY at 21:13 it was 18.55541398670345 degrees.
Day 4 of MAY at 21:14 it was 18.52105104424816 degrees.
Day 4 of MAY at 21:15 it was 18.486661653704907 degrees.
Day 4 of MAY at 21:16 it was 18.452246469798133 degrees.
Day 4 of MAY at 21:17 it was 18.41780614774332 degrees.
Day 4 of MAY at 21:18 it was 18.383341343234562 degrees.
Day 4 of MAY at 21:19 it was 18.348852712432045 degrees.
Day 4 of MAY at 21:20 it was 18.314340911949596 degrees.
Day 4 of MAY at 21:21 it was 18.27980659884215 degrees.
Day 4 of MAY at 21:22 it was 18.24525043059324 degrees.
Day 4 of MAY at 21:23 it was 18.210673065102498 degrees.
Day 4 of MAY at 21:24 it was 18.176075160673125 degrees.
Day 4 of MAY at 21:25 it was 18.14145737599935 degrees.
Day 4 of MAY at 21:26 it was 18.10682037015389 degrees.
Day 4 of MAY at 21:27 it was 18.07216480257541 degrees.
Day 4 of MAY at 21:28 it was 18.037491333055968 degrees.
Day 4 of MAY at 21:29 it was 18.002800621728433 degrees.
Day 4 of MAY at 21:30 it was 17.96809332905394 degrees.
Day 4 of MAY at 21:31 it was 17.933370115809325 degrees.
Day 4 of MAY at 21:32 it was 17.898631643074506 degrees.
Day 4 of MAY at 21:33 it was 17.863878572219935 degrees.
Day 4 of MAY at 21:34 it was 17.829111564893978 degrees.
Day 4 of MAY at 21:35 it was 17.794331283010347 degrees.
Day 4 of MAY at 21:36 it was 17.759538388735475 degrees.
Day 4 of MAY at 21:37 it was 17.72473354447591 degrees.
Day 4 of MAY at 21:38 it was 17.689917412865714 degrees.
Day 4 of MAY at 21:39 it was 17.65509065675386 degrees.
Day 4 of MAY at 21:40 it was 17.62025393919157 degrees.
Day 4 of MAY at 21:41 it was 17.58540792341973 degrees.
Day 4 of MAY at 21:42 it was 17.550553272856263 degrees.
Day 4 of MAY at 21:43 it was 17.515690651083464 degrees.
Day 4 of MAY at 21:44 it was 17.480820721835403 degrees.
Day 4 of MAY at 21:45 it was 17.44594414898526 degrees.
Day 4 of MAY at 21:46 it was 17.41106159653272 degrees.
Day 4 of MAY at 21:47 it was 17.376173728591297 degrees.
Day 4 of MAY at 21:48 it was 17.3412812093757 degrees.
Day 4 of MAY at 21:49 it was 17.3063847031892 degrees.
Day 4 of MAY at 21:50 it was 17.27148487441098 degrees.
Day 4 of MAY at 21:51 it was 17.23658238748347 degrees.
Day 4 of MAY at 21:52 it was 17.201677906899707 degrees.
Day 4 of MAY at 21:53 it was 17.166772097190684 degrees.
Day 4 of MAY at 21:54 it was 17.131865622912713 degrees.
Day 4 of MAY at 21:55 it was 17.096959148634742 degrees.
Day 4 of MAY at 21:56 it was 17.06205333892572 degrees.
Day 4 of MAY at 21:57 it was 17.027148858341956 degrees.
Day 4 of MAY at 21:58 it was 16.992246371414446 degrees.
Day 4 of MAY at 21:59 it was 16.957346542636227 degrees.
Day 4 of MAY at 22:00 it was 16.922450036449725 degrees.
Day 4 of MAY at 22:01 it was 16.887557517234132 degrees.
Day 4 of MAY at 22:02 it was 16.852669649292707 degrees.
Day 4 of MAY at 22:03 it was 16.817787096840167 degrees.
Day 4 of MAY at 22:04 it was 16.782910523990022 degrees.
Day 4 of MAY at 22:05 it was 16.748040594741962 degrees.
Day 4 of MAY at 22:06 it was 16.713177972969167 degrees.
Day 4 of MAY at 22:07 it was 16.6783233224057 degrees.
Day 4 of MAY at 22:08 it was 16.643477306633855 degrees.
Day 4 of MAY at 22:09 it was 16.608640589071566 degrees.
Day 4 of MAY at 22:10 it was 16.57381383295971 degrees.
Day 4 of MAY at 22:11 it was 16.538997701349516 degrees.
Day 4 of MAY at 22:12 it was 16.50419285708995 degrees.
Day 4 of MAY at 22:13 it was 16.46939996281508 degrees.
Day 4 of MAY at 22:14 it was 16.43461968093145 degrees.
Day 4 of MAY at 22:15 it was 16.39985267360549 degrees.
Day 4 of MAY at 22:16 it was 16.36509960275092 degrees.
Day 4 of MAY at 22:17 it was 16.330361130016104 degrees.
Day 4 of MAY at 22:18 it was 16.295637916771486 degrees.
Day 4 of MAY at 22:19 it was 16.260930624096993 degrees.
Day 4 of MAY at 22:20 it was 16.226239912769458 degrees.
Day 4 of MAY at 22:21 it was 16.191566443250014 degrees.
Day 4 of MAY at 22:22 it was 16.15691087567154 degrees.
Day 4 of MAY at 22:23 it was 16.122273869826074 degrees.
Day 4 of MAY at 22:24 it was 16.0876560851523 degrees.
Day 4 of MAY at 22:25 it was 16.053058180722932 degrees.
Day 4 of MAY at 22:26 it was 16.018480815232188 degrees.
Day 4 of MAY at 22:27 it was 15.983924646983278 degrees.
Day 4 of MAY at 22:28 it was 15.94939033387583 degrees.
Day 4 of MAY at 22:29 it was 15.914878533393383 degrees.
Day 4 of MAY at 22:30 it was 15.880389902590865 degrees.
Day 4 of MAY at 22:31 it was 15.845925098082105 degrees.
Day 4 of MAY at 22:32 it was 15.811484776027294 degrees.
Day 4 of MAY at 22:33 it was 15.77706959212052 degrees.
Day 4 of MAY at 22:34 it was 15.742680201577267 degrees.
Day 4 of MAY at 22:35 it was 15.708317259121978 degrees.
Day 4 of MAY at 22:36 it was 15.673981418975535 degrees.
Day 4 of MAY at 22:37 it was 15.63967333484284 degrees.
Day 4 of MAY at 22:38 it was 15.605393659900352 degrees.
Day 4 of MAY at 22:39 it was 15.571143046783687 degrees.
Day 4 of MAY at 22:40 it was 15.536922147575138 degrees.
Day 4 of MAY at 22:41 it was 15.502731613791289 degrees.
Day 4 of MAY at 22:42 it was 15.468572096370636 degrees.
Day 4 of MAY at 22:43 it was 15.434444245661144 degrees.
Day 4 of MAY at 22:44 it was 15.400348711407892 degrees.
Day 4 of MAY at 22:45 it was 15.366286142740702 degrees.
Day 4 of MAY at 22:46 it was 15.332257188161792 degrees.
Day 4 of MAY at 22:47 it was 15.298262495533402 degrees.
Day 4 of MAY at 22:48 it was 15.264302712065474 degrees.
Day 4 of MAY at 22:49 it was 15.230378484303328 degrees.
Day 4 of MAY at 22:50 it was 15.19649045811537 degrees.
Day 4 of MAY at 22:51 it was 15.16263927868077 degrees.
Day 4 of MAY at 22:52 it was 15.128825590477184 degrees.
Day 4 of MAY at 22:53 it was 15.095050037268491 degrees.
Day 4 of MAY at 22:54 it was 15.061313262092547 degrees.
Day 4 of MAY at 22:55 it was 15.027615907248919 degrees.
Day 4 of MAY at 22:56 it was 14.993958614286656 degrees.
Day 4 of MAY at 22:57 it was 14.96034202399212 degrees.
Day 4 of MAY at 22:58 it was 14.926766776376722 degrees.
Day 4 of MAY at 22:59 it was 14.893233510664778 degrees.
Day 4 of MAY at 23:00 it was 14.859742865281328 degrees.
Day 4 of MAY at 23:01 it was 14.826295477839997 degrees.
Day 4 of MAY at 23:02 it was 14.792891985130819 degrees.
Day 4 of MAY at 23:03 it was 14.759533023108148 degrees.
Day 4 of MAY at 23:04 it was 14.726219226878527 degrees.
Day 4 of MAY at 23:05 it was 14.692951230688626 degrees.
Day 4 of MAY at 23:06 it was 14.659729667913137 degrees.
Day 4 of MAY at 23:07 it was 14.626555171042721 degrees.
Day 4 of MAY at 23:08 it was 14.593428371671974 degrees.
Day 4 of MAY at 23:09 it was 14.56034990048742 degrees.
Day 4 of MAY at 23:10 it was 14.527320387255461 degrees.
Day 4 of MAY at 23:11 it was 14.494340460810411 degrees.
Day 4 of MAY at 23:12 it was 14.461410749042544 degrees.
Day 4 of MAY at 23:13 it was 14.428531878886098 degrees.
Day 4 of MAY at 23:14 it was 14.395704476307367 degrees.
Day 4 of MAY at 23:15 it was 14.362929166292766 degrees.
Day 4 of MAY at 23:16 it was 14.330206572836973 degrees.
Day 4 of MAY at 23:17 it was 14.297537318930988 degrees.
Day 4 of MAY at 23:18 it was 14.264922026550314 degrees.
Day 4 of MAY at 23:19 it was 14.232361316643098 degrees.
Day 4 of MAY at 23:20 it was 14.199855809118336 degrees.
Day 4 of MAY at 23:21 it was 14.167406122834025 degrees.
Day 4 of MAY at 23:22 it was 14.13501287558542 degrees.
Day 4 of MAY at 23:23 it was 14.10267668409325 degrees.
Day 4 of MAY at 23:24 it was 14.070398163991996 degrees.
Day 4 of MAY at 23:25 it was 14.038177929818149 degrees.
Day 4 of MAY at 23:26 it was 14.006016594998519 degrees.
Day 4 of MAY at 23:27 it was 13.973914771838572 degrees.
Day 4 of MAY at 23:28 it was 13.941873071510743 degrees.
Day 4 of MAY at 23:29 it was 13.909892104042818 degrees.
Day 4 of MAY at 23:30 it was 13.877972478306308 degrees.
Day 4 of MAY at 23:31 it was 13.846114802004895 degrees.
Day 4 of MAY at 23:32 it was 13.814319681662802 degrees.
Day 4 of MAY at 23:33 it was 13.782587722613293 degrees.
Day 4 of MAY at 23:34 it was 13.750919528987115 degrees.
Day 4 of MAY at 23:35 it was 13.719315703701046 degrees.
Day 4 of MAY at 23:36 it was 13.687776848446354 degrees.
Day 4 of MAY at 23:37 it was 13.65630356367738 degrees.
Day 4 of MAY at 23:38 it was 13.624896448600094 degrees.
Day 4 of MAY at 23:39 it was 13.593556101160704 degrees.
Day 4 of MAY at 23:40 it was 13.562283118034244 degrees.
Day 4 of MAY at 23:41 it was 13.531078094613228 degrees.
Day 4 of MAY at 23:42 it was 13.499941624996335 degrees.
Day 4 of MAY at 23:43 it was 13.468874301977058 degrees.
Day 4 of MAY at 23:44 it was 13.437876717032443 degrees.
Day 4 of MAY at 23:45 it was 13.406949460311818 degrees.
Day 4 of MAY at 23:46 it was 13.376093120625585 degrees.
Day 4 of MAY at 23:47 it was 13.345308285433966 degrees.
Day 4 of MAY at 23:48 it was 13.314595540835848 degrees.
Day 4 of MAY at 23:49 it was 13.28395547155761 degrees.
Day 4 of MAY at 23:50 it was 13.253388660942017 degrees.
Day 4 of MAY at 23:51 it was 13.222895690937076 degrees.
Day 4 of MAY at 23:52 it was 13.19247714208498 degrees.
Day 4 of MAY at 23:53 it was 13.162133593511047 degrees.
Day 4 of MAY at 23:54 it was 13.131865622912715 degrees.
Day 4 of MAY at 23:55 it was 13.101673806548506 degrees.
Day 4 of MAY at 23:56 it was 13.071558719227077 degrees.
Day 4 of MAY at 23:57 it was 13.041520934296297 degrees.
Day 4 of MAY at 23:58 it was 13.011561023632282 degrees.
Day 4 of MAY at 23:59 it was 12.981679557628542 degrees.
Day 5 of MAY at 00:00 it was 12.951877105185119 degrees.
Day 5 of MAY at 00:01 it was 12.922154233697757 degrees.
Day 5 of MAY at 00:02 it was 12.892511509047075 degrees.
Day 5 of MAY at 00:03 it was 12.862949495587824 degrees.
Day 5 of MAY at 00:04 it was 12.83346875613812 degrees.
Day 5 of MAY at 00:05 it was 12.804069851968762 degrees.
Day 5 of MAY at 00:06 it was 12.774753342792499 degrees.
Day 5 of MAY at 00:07 it was 12.745519786753405 degrees.
Day 5 of MAY at 00:08 it was 12.716369740416244 degrees.
Day 5 of MAY at 00:09 it was 12.687303758755895 degrees.
Day 5 of MAY at 00:10 it was 12.65832239514674 degrees.
Day 5 of MAY at 00:11 it was 12.62942620135216 degrees.
Day 5 of MAY at 00:12 it was 12.600615727514048 degrees.
Day 5 of MAY at 00:13 it was 12.571891522142288 degrees.
Day 5 of MAY at 00:14 it was 12.543254132104346 degrees.
Day 5 of MAY at 00:15 it was 12.514704102614843 degrees.
Day 5 of MAY at 00:16 it was 12.486241977225195 degrees.
Day 5 of MAY at 00:17 it was 12.457868297813238 degrees.
Day 5 of MAY at 00:18 it was 12.429583604572931 degrees.
Day 5 of MAY at 00:19 it was 12.401388436004053 degrees.
Day 5 of MAY at 00:20 it was 12.373283328901984 degrees.
Day 5 of MAY at 00:21 it was 12.345268818347442 degrees.
Day 5 of MAY at 00:22 it was 12.317345437696332 degrees.
Day 5 of MAY at 00:23 it was 12.289513718569559 degrees.
Day 5 of MAY at 00:24 it was 12.261774190842948 degrees.
Day 5 of MAY at 00:25 it was 12.23412738263712 degrees.
Day 5 of MAY at 00:26 it was 12.206573820307444 degrees.
Day 5 of MAY at 00:27 it was 12.17911402843404 degrees.
Day 5 of MAY at 00:28 it was 12.151748529811758 degrees.
Day 5 of MAY at 00:29 it was 12.124477845440243 degrees.
Day 5 of MAY at 00:30 it was 12.097302494514011 degrees.
Day 5 of MAY at 00:31 it was 12.070222994412585 degrees.
Day 5 of MAY at 00:32 it was 12.043239860690603 degrees.
Day 5 of MAY at 00:33 it was 12.016353607068039 degrees.
Day 5 of MAY at 00:34 it was 11.989564745420395 degrees.
Day 5 of MAY at 00:35 it was 11.962873785769002 degrees.
Day 5 of MAY at 00:36 it was 11.936281236271245 degrees.
Day 5 of MAY at 00:37 it was 11.909787603210935 degrees.
Day 5 of MAY at 00:38 it was 11.883393390988653 degrees.
Day 5 of MAY at 00:39 it was 11.857099102112162 degrees.
Day 5 of MAY at 00:40 it was 11.830905237186816 degrees.
Day 5 of MAY at 00:41 it was 11.804812294906036 degrees.
Day 5 of MAY at 00:42 it was 11.778820772041847 degrees.
Day 5 of MAY at 00:43 it was 11.75293116343537 degrees.
Day 5 of MAY at 00:44 it was 11.727143961987434 degrees.
Day 5 of MAY at 00:45 it was 11.701459658649178 degrees.
Day 5 of MAY at 00:46 it was 11.675878742412726 degrees.
Day 5 of MAY at 00:47 it was 11.650401700301842 degrees.
Day 5 of MAY at 00:48 it was 11.625029017362685 degrees.
Day 5 of MAY at 00:49 it was 11.599761176654559 degrees.
Day 5 of MAY at 00:50 it was 11.574598659240735 degrees.
Day 5 of MAY at 00:51 it was 11.549541944179273 degrees.
Day 5 of MAY at 00:52 it was 11.524591508513907 degrees.
Day 5 of MAY at 00:53 it was 11.499747827264965 degrees.
Program ends
Program starts
Loading data...
Succesfull load
Program starts
Loading data...
Succesfull load
There are measurements for that day
Program starts
Loading data...
Succesfull load
There are measurements for that day
null
Program ends
Program starts
Loading data...
Succesfull load
There are measurements for that day
Extreme temperature value
Measurement registered
No data for that date
Program starts
Loading data...
Succesfull load
Measurement registered
There are measurements for that day
There are measurements for that day
null
Program starts
Loading data...
Succesfull load
Measurement registered
There are measurements for that day
No data for that date
There are measurements for that day
Program ends
